[debug] [2021-01-25T06:36:21.553Z] ----------------------------------------------------------------------
[debug] [2021-01-25T06:36:21.555Z] Command:       /usr/local/bin/node /usr/local/bin/firebase login
[debug] [2021-01-25T06:36:21.555Z] CLI Version:   9.2.2
[debug] [2021-01-25T06:36:21.555Z] Platform:      linux
[debug] [2021-01-25T06:36:21.555Z] Node Version:  v14.15.1
[debug] [2021-01-25T06:36:21.556Z] Time:          Mon Jan 25 2021 06:36:21 GMT+0000 (Coordinated Universal Time)
[debug] [2021-01-25T06:36:21.556Z] ----------------------------------------------------------------------
[debug] [2021-01-25T06:36:21.556Z] 
[debug] [2021-01-25T06:36:21.558Z] >>> [apiv2][query] GET https://firebase-public.firebaseio.com/cli.json [none]
[info] i  Firebase optionally collects CLI usage and error reporting information to help improve our products. Data is collected in accordance with Google's privacy policy (https://policies.google.com/privacy) and is not used to identify you.
 
[debug] [2021-01-25T06:36:26.987Z] <<< [apiv2][status] GET https://firebase-public.firebaseio.com/cli.json 200
[debug] [2021-01-25T06:36:26.989Z] <<< [apiv2][body] GET https://firebase-public.firebaseio.com/cli.json {"cloudBuildErrorAfter":1594252800000,"cloudBuildWarnAfter":1590019200000,"defaultNode10After":1594252800000,"minVersion":"3.0.5","node8DeploysDisabledAfter":1613390400000,"node8RuntimeDisabledAfter":1615809600000,"node8WarnAfter":1600128000000}
[info] i  To change your data collection preference at any time, run `firebase logout` and log in again. 
[info] 
[info] Visit this URL on this device to log in:
[info] https://accounts.google.com/o/oauth2/auth?client_id=563584335869-fgrhgmd47bqnekij5i8b5pr03ho849e6.apps.googleusercontent.com&scope=email%20openid%20https%3A%2F%2Fwww.googleapis.com%2Fauth%2Fcloudplatformprojects.readonly%20https%3A%2F%2Fwww.googleapis.com%2Fauth%2Ffirebase%20https%3A%2F%2Fwww.googleapis.com%2Fauth%2Fcloud-platform&response_type=code&state=1068437007&redirect_uri=http%3A%2F%2Flocalhost%3A9005
[info] 
[info] Waiting for authentication...
[debug] [2021-01-25T06:40:33.551Z] ----------------------------------------------------------------------
[debug] [2021-01-25T06:40:33.553Z] Command:       /usr/local/bin/node /usr/local/bin/firebase login
[debug] [2021-01-25T06:40:33.553Z] CLI Version:   9.2.2
[debug] [2021-01-25T06:40:33.553Z] Platform:      linux
[debug] [2021-01-25T06:40:33.553Z] Node Version:  v14.15.1
[debug] [2021-01-25T06:40:33.554Z] Time:          Mon Jan 25 2021 06:40:33 GMT+0000 (Coordinated Universal Time)
[debug] [2021-01-25T06:40:33.554Z] ----------------------------------------------------------------------
[debug] [2021-01-25T06:40:33.554Z] 
[info] i  Firebase optionally collects CLI usage and error reporting information to help improve our products. Data is collected in accordance with Google's privacy policy (https://policies.google.com/privacy) and is not used to identify you.
 
[info] 
[info] Visit this URL on this device to log in:
[info] https://accounts.google.com/o/oauth2/auth?client_id=563584335869-fgrhgmd47bqnekij5i8b5pr03ho849e6.apps.googleusercontent.com&scope=email%20openid%20https%3A%2F%2Fwww.googleapis.com%2Fauth%2Fcloudplatformprojects.readonly%20https%3A%2F%2Fwww.googleapis.com%2Fauth%2Ffirebase%20https%3A%2F%2Fwww.googleapis.com%2Fauth%2Fcloud-platform&response_type=code&state=783786986&redirect_uri=http%3A%2F%2Flocalhost%3A9005
[info] 
[info] Waiting for authentication...
